<?xml version="1.0" encoding="UTF-8"?>
<!-- Generated by org.testng.reporters.JUnitXMLReporter -->
<testsuite hostname="BharathMani" ignored="3" name="Default test" tests="3" failures="0" timestamp="16 Mar 2022 05:56:17 GMT" time="36.421" errors="0">
  <testcase name="EnterValidUsernameAndValidPassword" time="2.337" classname="org.testing.JingleBidLogin"/>
  <testcase name="ValidateLogin" time="0.636" classname="org.testing.JingleBidLogin"/>
  <testcase name="CancelAuction" time="3.0" classname="org.testing.JingleBidLogin"/>
  <testcase name="addAddress" time="0.0" classname="org.testing.JingleBidLogin">
    <ignored/>
  </testcase> <!-- addAddress -->
  <testcase name="StartAction" time="0.0" classname="org.testing.JingleBidLogin">
    <ignored/>
  </testcase> <!-- StartAction -->
  <testcase name="searchProduct" time="0.0" classname="org.testing.JingleBidLogin">
    <ignored/>
  </testcase> <!-- searchProduct -->
</testsuite> <!-- Default test -->
