<?xml version="1.0" encoding="UTF-8"?>
<!-- Generated by org.testng.reporters.JUnitXMLReporter -->
<testsuite hostname="BharathMani" ignored="8" name="Default test" tests="3" failures="0" timestamp="18 Mar 2022 08:14:50 GMT" time="27.998" errors="0">
  <testcase name="EnterValidUsernameAndValidPassword" time="2.239" classname="org.testing.JingleBid"/>
  <testcase name="ValidateLogin" time="1.53" classname="org.testing.JingleBid"/>
  <testcase name="UpdatePersonalInformation" time="4.29" classname="org.testing.JingleBid"/>
  <testcase name="ChangePassword" time="0.0" classname="org.testing.JingleBid">
    <ignored/>
  </testcase> <!-- ChangePassword -->
  <testcase name="addAddress" time="0.0" classname="org.testing.JingleBid">
    <ignored/>
  </testcase> <!-- addAddress -->
  <testcase name="DeleteAddress" time="0.0" classname="org.testing.JingleBid">
    <ignored/>
  </testcase> <!-- DeleteAddress -->
  <testcase name="StartAuction" time="0.0" classname="org.testing.JingleBid">
    <ignored/>
  </testcase> <!-- StartAuction -->
  <testcase name="searchProduct" time="0.0" classname="org.testing.JingleBid">
    <ignored/>
  </testcase> <!-- searchProduct -->
  <testcase name="EditAddress" time="0.0" classname="org.testing.JingleBid">
    <ignored/>
  </testcase> <!-- EditAddress -->
  <testcase name="updateDeliveryLocation" time="0.0" classname="org.testing.JingleBid">
    <ignored/>
  </testcase> <!-- updateDeliveryLocation -->
  <testcase name="CancelAuction" time="0.0" classname="org.testing.JingleBid">
    <ignored/>
  </testcase> <!-- CancelAuction -->
</testsuite> <!-- Default test -->
