<?xml version="1.0" encoding="UTF-8"?>
<!-- Generated by org.testng.reporters.JUnitXMLReporter -->
<testsuite hostname="BharathMani" ignored="1" name="Default test" tests="4" failures="0" timestamp="15 Mar 2022 08:07:49 GMT" time="29.674" errors="0">
  <testcase name="EnterValidUsernameAndValidPassword" time="1.763" classname="org.testing.JingleBidLogin"/>
  <testcase name="ValidateLogin" time="0.719" classname="org.testing.JingleBidLogin"/>
  <testcase name="searchProduct" time="6.858" classname="org.testing.JingleBidLogin"/>
  <testcase name="StartAction" time="4.603" classname="org.testing.JingleBidLogin"/>
  <testcase name="addAddress" time="0.0" classname="org.testing.JingleBidLogin">
    <ignored/>
  </testcase> <!-- addAddress -->
</testsuite> <!-- Default test -->
