<?xml version="1.0" encoding="UTF-8"?>
<!-- Generated by org.testng.reporters.JUnitXMLReporter -->
<testsuite hostname="BharathMani" ignored="5" name="Default test" tests="5" failures="0" timestamp="17 Mar 2022 10:34:22 GMT" time="25.846" errors="0">
  <testcase name="EnterValidUsernameAndValidPassword" time="2.147" classname="org.testing.JingleBidLogin"/>
  <testcase name="ValidateLogin" time="0.893" classname="org.testing.JingleBidLogin"/>
  <testcase name="updateDeliveryLocation" time="4.157" classname="org.testing.JingleBidLogin"/>
  <testcase name="EditAddress" time="2.974" classname="org.testing.JingleBidLogin"/>
  <testcase name="DeleteAddress" time="3.112" classname="org.testing.JingleBidLogin"/>
  <testcase name="addAddress" time="0.0" classname="org.testing.JingleBidLogin">
    <ignored/>
  </testcase> <!-- addAddress -->
  <testcase name="StartAction" time="0.0" classname="org.testing.JingleBidLogin">
    <ignored/>
  </testcase> <!-- StartAction -->
  <testcase name="searchProduct" time="0.0" classname="org.testing.JingleBidLogin">
    <ignored/>
  </testcase> <!-- searchProduct -->
  <testcase name="CancelAuction" time="0.0" classname="org.testing.JingleBidLogin">
    <ignored/>
  </testcase> <!-- CancelAuction -->
  <testcase name="UpdatePersonalInformation" time="0.0" classname="org.testing.JingleBidLogin">
    <ignored/>
  </testcase> <!-- UpdatePersonalInformation -->
</testsuite> <!-- Default test -->
