<?xml version="1.0" encoding="UTF-8"?>
<!-- Generated by org.testng.reporters.JUnitXMLReporter -->
<testsuite hostname="BharathMani" ignored="0" name="Test" tests="4" failures="0" timestamp="21 Mar 2022 06:38:56 GMT" time="46.638" errors="0">
  <testcase name="LoginJB" time="3.113" classname="org.testing.ProductRequest"/>
  <testcase name="ProductRequest" time="2.214" classname="org.testing.ProductRequest">
    <skipped/>
  </testcase> <!-- ProductRequest -->
  <testcase name="ProductRequest" time="1.162" classname="org.testing.ProductRequest">
    <skipped/>
  </testcase> <!-- ProductRequest -->
  <testcase name="ProductRequest" time="6.184" classname="org.testing.ProductRequest"/>
</testsuite> <!-- Test -->
