<?xml version="1.0" encoding="UTF-8"?>
<!-- Generated by org.testng.reporters.JUnitXMLReporter -->
<testsuite hostname="BharathMani" ignored="0" name="Test" tests="12" failures="0" timestamp="24 Mar 2022 06:07:50 GMT" time="56.549" errors="0">
  <testcase name="@AfterClass CloseBrowser" time="0.004" classname="org.testing.JingleBid">
    <failure type="java.lang.StackOverflowError">
      <![CDATA[java.lang.StackOverflowError
at org.testing.JingleBid.CloseBrowser(JingleBid.java:299)
at org.testing.JingleBid.CloseBrowser(JingleBid.java:299)
at org.testing.JingleBid.CloseBrowser(JingleBid.java:299)
at org.testing.JingleBid.CloseBrowser(JingleBid.java:299)
at org.testing.JingleBid.CloseBrowser(JingleBid.java:299)
at org.testing.JingleBid.CloseBrowser(JingleBid.java:299)
at org.testing.JingleBid.CloseBrowser(JingleBid.java:299)
at org.testing.JingleBid.CloseBrowser(JingleBid.java:299)
at org.testing.JingleBid.CloseBrowser(JingleBid.java:299)
at org.testing.JingleBid.CloseBrowser(JingleBid.java:299)
at org.testing.JingleBid.CloseBrowser(JingleBid.java:299)
at org.testing.JingleBid.CloseBrowser(JingleBid.java:299)
at org.testing.JingleBid.CloseBrowser(JingleBid.java:299)
at org.testing.JingleBid.CloseBrowser(JingleBid.java:299)
at org.testing.JingleBid.CloseBrowser(JingleBid.java:299)
at org.testing.JingleBid.CloseBrowser(JingleBid.java:299)
at org.testing.JingleBid.CloseBrowser(JingleBid.java:299)
at org.testing.JingleBid.CloseBrowser(JingleBid.java:299)
at org.testing.JingleBid.CloseBrowser(JingleBid.java:299)
at org.testing.JingleBid.CloseBrowser(JingleBid.java:299)
at org.testing.JingleBid.CloseBrowser(JingleBid.java:299)
at org.testing.JingleBid.CloseBrowser(JingleBid.java:299)
at org.testing.JingleBid.CloseBrowser(JingleBid.java:299)
at org.testing.JingleBid.CloseBrowser(JingleBid.java:299)
at org.testing.JingleBid.CloseBrowser(JingleBid.java:299)
at org.testing.JingleBid.CloseBrowser(JingleBid.java:299)
at org.testing.JingleBid.CloseBrowser(JingleBid.java:299)
at org.testing.JingleBid.CloseBrowser(JingleBid.java:299)
at org.testing.JingleBid.CloseBrowser(JingleBid.java:299)
at org.testing.JingleBid.CloseBrowser(JingleBid.java:299)
at org.testing.JingleBid.CloseBrowser(JingleBid.java:299)
at org.testing.JingleBid.CloseBrowser(JingleBid.java:299)
at org.testing.JingleBid.CloseBrowser(JingleBid.java:299)
at org.testing.JingleBid.CloseBrowser(JingleBid.java:299)
at org.testing.JingleBid.CloseBrowser(JingleBid.java:299)
at org.testing.JingleBid.CloseBrowser(JingleBid.java:299)
at org.testing.JingleBid.CloseBrowser(JingleBid.java:299)
at org.testing.JingleBid.CloseBrowser(JingleBid.java:299)
at org.testing.JingleBid.CloseBrowser(JingleBid.java:299)
at org.testing.JingleBid.CloseBrowser(JingleBid.java:299)
at org.testing.JingleBid.CloseBrowser(JingleBid.java:299)
at org.testing.JingleBid.CloseBrowser(JingleBid.java:299)
at org.testing.JingleBid.CloseBrowser(JingleBid.java:299)
at org.testing.JingleBid.CloseBrowser(JingleBid.java:299)
at org.testing.JingleBid.CloseBrowser(JingleBid.java:299)
at org.testing.JingleBid.CloseBrowser(JingleBid.java:299)
at org.testing.JingleBid.CloseBrowser(JingleBid.java:299)
at org.testing.JingleBid.CloseBrowser(JingleBid.java:299)
at org.testing.JingleBid.CloseBrowser(JingleBid.java:299)
at org.testing.JingleBid.CloseBrowser(JingleBid.java:299)
at org.testing.JingleBid.CloseBrowser(JingleBid.java:299)
at org.testing.JingleBid.CloseBrowser(JingleBid.java:299)
at org.testing.JingleBid.CloseBrowser(JingleBid.java:299)
at org.testing.JingleBid.CloseBrowser(JingleBid.java:299)
at org.testing.JingleBid.CloseBrowser(JingleBid.java:299)
at org.testing.JingleBid.CloseBrowser(JingleBid.java:299)
at org.testing.JingleBid.CloseBrowser(JingleBid.java:299)
at org.testing.JingleBid.CloseBrowser(JingleBid.java:299)
at org.testing.JingleBid.CloseBrowser(JingleBid.java:299)
at org.testing.JingleBid.CloseBrowser(JingleBid.java:299)
at org.testing.JingleBid.CloseBrowser(JingleBid.java:299)
at org.testing.JingleBid.CloseBrowser(JingleBid.java:299)
at org.testing.JingleBid.CloseBrowser(JingleBid.java:299)
at org.testing.JingleBid.CloseBrowser(JingleBid.java:299)
at org.testing.JingleBid.CloseBrowser(JingleBid.java:299)
at org.testing.JingleBid.CloseBrowser(JingleBid.java:299)
at org.testing.JingleBid.CloseBrowser(JingleBid.java:299)
at org.testing.JingleBid.CloseBrowser(JingleBid.java:299)
at org.testing.JingleBid.CloseBrowser(JingleBid.java:299)
at org.testing.JingleBid.CloseBrowser(JingleBid.java:299)
at org.testing.JingleBid.CloseBrowser(JingleBid.java:299)
at org.testing.JingleBid.CloseBrowser(JingleBid.java:299)
at org.testing.JingleBid.CloseBrowser(JingleBid.java:299)
at org.testing.JingleBid.CloseBrowser(JingleBid.java:299)
at org.testing.JingleBid.CloseBrowser(JingleBid.java:299)
at org.testing.JingleBid.CloseBrowser(JingleBid.java:299)
at org.testing.JingleBid.CloseBrowser(JingleBid.java:299)
at org.testing.JingleBid.CloseBrowser(JingleBid.java:299)
at org.testing.JingleBid.CloseBrowser(JingleBid.java:299)
at org.testing.JingleBid.CloseBrowser(JingleBid.java:299)
at org.testing.JingleBid.CloseBrowser(JingleBid.java:299)
at org.testing.JingleBid.CloseBrowser(JingleBid.java:299)
at org.testing.JingleBid.CloseBrowser(JingleBid.java:299)
at org.testing.JingleBid.CloseBrowser(JingleBid.java:299)
at org.testing.JingleBid.CloseBrowser(JingleBid.java:299)
at org.testing.JingleBid.CloseBrowser(JingleBid.java:299)
at org.testing.JingleBid.CloseBrowser(JingleBid.java:299)
at org.testing.JingleBid.CloseBrowser(JingleBid.java:299)
at org.testing.JingleBid.CloseBrowser(JingleBid.java:299)
at org.testing.JingleBid.CloseBrowser(JingleBid.java:299)
at org.testing.JingleBid.CloseBrowser(JingleBid.java:299)
at org.testing.JingleBid.CloseBrowser(JingleBid.java:299)
at org.testing.JingleBid.CloseBrowser(JingleBid.java:299)
at org.testing.JingleBid.CloseBrowser(JingleBid.java:299)
at org.testing.JingleBid.CloseBrowser(JingleBid.java:299)
at org.testing.JingleBid.CloseBrowser(JingleBid.java:299)
at org.testing.JingleBid.CloseBrowser(JingleBid.java:299)
at org.testing.JingleBid.CloseBrowser(JingleBid.java:299)
at org.testing.JingleBid.CloseBrowser(JingleBid.java:299)
at org.testing.JingleBid.CloseBrowser(JingleBid.java:299)
at org.testing.JingleBid.CloseBrowser(JingleBid.java:299)
at org.testing.JingleBid.CloseBrowser(JingleBid.java:299)
at org.testing.JingleBid.CloseBrowser(JingleBid.java:299)
at org.testing.JingleBid.CloseBrowser(JingleBid.java:299)
at org.testing.JingleBid.CloseBrowser(JingleBid.java:299)
at org.testing.JingleBid.CloseBrowser(JingleBid.java:299)
at org.testing.JingleBid.CloseBrowser(JingleBid.java:299)
at org.testing.JingleBid.CloseBrowser(JingleBid.java:299)
at org.testing.JingleBid.CloseBrowser(JingleBid.java:299)
at org.testing.JingleBid.CloseBrowser(JingleBid.java:299)
at org.testing.JingleBid.CloseBrowser(JingleBid.java:299)
at org.testing.JingleBid.CloseBrowser(JingleBid.java:299)
at org.testing.JingleBid.CloseBrowser(JingleBid.java:299)
at org.testing.JingleBid.CloseBrowser(JingleBid.java:299)
at org.testing.JingleBid.CloseBrowser(JingleBid.java:299)
at org.testing.JingleBid.CloseBrowser(JingleBid.java:299)
at org.testing.JingleBid.CloseBrowser(JingleBid.java:299)
at org.testing.JingleBid.CloseBrowser(JingleBid.java:299)
at org.testing.JingleBid.CloseBrowser(JingleBid.java:299)
at org.testing.JingleBid.CloseBrowser(JingleBid.java:299)
at org.testing.JingleBid.CloseBrowser(JingleBid.java:299)
at org.testing.JingleBid.CloseBrowser(JingleBid.java:299)
at org.testing.JingleBid.CloseBrowser(JingleBid.java:299)
at org.testing.JingleBid.CloseBrowser(JingleBid.java:299)
at org.testing.JingleBid.CloseBrowser(JingleBid.java:299)
at org.testing.JingleBid.CloseBrowser(JingleBid.java:299)
at org.testing.JingleBid.CloseBrowser(JingleBid.java:299)
at org.testing.JingleBid.CloseBrowser(JingleBid.java:299)
at org.testing.JingleBid.CloseBrowser(JingleBid.java:299)
at org.testing.JingleBid.CloseBrowser(JingleBid.java:299)
at org.testing.JingleBid.CloseBrowser(JingleBid.java:299)
at org.testing.JingleBid.CloseBrowser(JingleBid.java:299)
at org.testing.JingleBid.CloseBrowser(JingleBid.java:299)
at org.testing.JingleBid.CloseBrowser(JingleBid.java:299)
at org.testing.JingleBid.CloseBrowser(JingleBid.java:299)
at org.testing.JingleBid.CloseBrowser(JingleBid.java:299)
at org.testing.JingleBid.CloseBrowser(JingleBid.java:299)
at org.testing.JingleBid.CloseBrowser(JingleBid.java:299)
at org.testing.JingleBid.CloseBrowser(JingleBid.java:299)
at org.testing.JingleBid.CloseBrowser(JingleBid.java:299)
at org.testing.JingleBid.CloseBrowser(JingleBid.java:299)
at org.testing.JingleBid.CloseBrowser(JingleBid.java:299)
at org.testing.JingleBid.CloseBrowser(JingleBid.java:299)
at org.testing.JingleBid.CloseBrowser(JingleBid.java:299)
at org.testing.JingleBid.CloseBrowser(JingleBid.java:299)
at org.testing.JingleBid.CloseBrowser(JingleBid.java:299)
at org.testing.JingleBid.CloseBrowser(JingleBid.java:299)
at org.testing.JingleBid.CloseBrowser(JingleBid.java:299)
at org.testing.JingleBid.CloseBrowser(JingleBid.java:299)
at org.testing.JingleBid.CloseBrowser(JingleBid.java:299)
at org.testing.JingleBid.CloseBrowser(JingleBid.java:299)
at org.testing.JingleBid.CloseBrowser(JingleBid.java:299)
at org.testing.JingleBid.CloseBrowser(JingleBid.java:299)
at org.testing.JingleBid.CloseBrowser(JingleBid.java:299)
at org.testing.JingleBid.CloseBrowser(JingleBid.java:299)
at org.testing.JingleBid.CloseBrowser(JingleBid.java:299)
at org.testing.JingleBid.CloseBrowser(JingleBid.java:299)
at org.testing.JingleBid.CloseBrowser(JingleBid.java:299)
at org.testing.JingleBid.CloseBrowser(JingleBid.java:299)
at org.testing.JingleBid.CloseBrowser(JingleBid.java:299)
at org.testing.JingleBid.CloseBrowser(JingleBid.java:299)
at org.testing.JingleBid.CloseBrowser(JingleBid.java:299)
at org.testing.JingleBid.CloseBrowser(JingleBid.java:299)
at org.testing.JingleBid.CloseBrowser(JingleBid.java:299)
at org.testing.JingleBid.CloseBrowser(JingleBid.java:299)
at org.testing.JingleBid.CloseBrowser(JingleBid.java:299)
at org.testing.JingleBid.CloseBrowser(JingleBid.java:299)
at org.testing.JingleBid.CloseBrowser(JingleBid.java:299)
at org.testing.JingleBid.CloseBrowser(JingleBid.java:299)
at org.testing.JingleBid.CloseBrowser(JingleBid.java:299)
at org.testing.JingleBid.CloseBrowser(JingleBid.java:299)
at org.testing.JingleBid.CloseBrowser(JingleBid.java:299)
at org.testing.JingleBid.CloseBrowser(JingleBid.java:299)
at org.testing.JingleBid.CloseBrowser(JingleBid.java:299)
at org.testing.JingleBid.CloseBrowser(JingleBid.java:299)
at org.testing.JingleBid.CloseBrowser(JingleBid.java:299)
at org.testing.JingleBid.CloseBrowser(JingleBid.java:299)
at org.testing.JingleBid.CloseBrowser(JingleBid.java:299)
at org.testing.JingleBid.CloseBrowser(JingleBid.java:299)
at org.testing.JingleBid.CloseBrowser(JingleBid.java:299)
at org.testing.JingleBid.CloseBrowser(JingleBid.java:299)
at org.testing.JingleBid.CloseBrowser(JingleBid.java:299)
at org.testing.JingleBid.CloseBrowser(JingleBid.java:299)
at org.testing.JingleBid.CloseBrowser(JingleBid.java:299)
at org.testing.JingleBid.CloseBrowser(JingleBid.java:299)
at org.testing.JingleBid.CloseBrowser(JingleBid.java:299)
at org.testing.JingleBid.CloseBrowser(JingleBid.java:299)
at org.testing.JingleBid.CloseBrowser(JingleBid.java:299)
at org.testing.JingleBid.CloseBrowser(JingleBid.java:299)
at org.testing.JingleBid.CloseBrowser(JingleBid.java:299)
at org.testing.JingleBid.CloseBrowser(JingleBid.java:299)
at org.testing.JingleBid.CloseBrowser(JingleBid.java:299)
at org.testing.JingleBid.CloseBrowser(JingleBid.java:299)
at org.testing.JingleBid.CloseBrowser(JingleBid.java:299)
at org.testing.JingleBid.CloseBrowser(JingleBid.java:299)
at org.testing.JingleBid.CloseBrowser(JingleBid.java:299)
at org.testing.JingleBid.CloseBrowser(JingleBid.java:299)
at org.testing.JingleBid.CloseBrowser(JingleBid.java:299)
at org.testing.JingleBid.CloseBrowser(JingleBid.java:299)
at org.testing.JingleBid.CloseBrowser(JingleBid.java:299)
at org.testing.JingleBid.CloseBrowser(JingleBid.java:299)
at org.testing.JingleBid.CloseBrowser(JingleBid.java:299)
at org.testing.JingleBid.CloseBrowser(JingleBid.java:299)
at org.testing.JingleBid.CloseBrowser(JingleBid.java:299)
at org.testing.JingleBid.CloseBrowser(JingleBid.java:299)
at org.testing.JingleBid.CloseBrowser(JingleBid.java:299)
at org.testing.JingleBid.CloseBrowser(JingleBid.java:299)
at org.testing.JingleBid.CloseBrowser(JingleBid.java:299)
at org.testing.JingleBid.CloseBrowser(JingleBid.java:299)
at org.testing.JingleBid.CloseBrowser(JingleBid.java:299)
at org.testing.JingleBid.CloseBrowser(JingleBid.java:299)
at org.testing.JingleBid.CloseBrowser(JingleBid.java:299)
at org.testing.JingleBid.CloseBrowser(JingleBid.java:299)
at org.testing.JingleBid.CloseBrowser(JingleBid.java:299)
at org.testing.JingleBid.CloseBrowser(JingleBid.java:299)
at org.testing.JingleBid.CloseBrowser(JingleBid.java:299)
at org.testing.JingleBid.CloseBrowser(JingleBid.java:299)
at org.testing.JingleBid.CloseBrowser(JingleBid.java:299)
at org.testing.JingleBid.CloseBrowser(JingleBid.java:299)
at org.testing.JingleBid.CloseBrowser(JingleBid.java:299)
at org.testing.JingleBid.CloseBrowser(JingleBid.java:299)
at org.testing.JingleBid.CloseBrowser(JingleBid.java:299)
at org.testing.JingleBid.CloseBrowser(JingleBid.java:299)
at org.testing.JingleBid.CloseBrowser(JingleBid.java:299)
at org.testing.JingleBid.CloseBrowser(JingleBid.java:299)
at org.testing.JingleBid.CloseBrowser(JingleBid.java:299)
at org.testing.JingleBid.CloseBrowser(JingleBid.java:299)
at org.testing.JingleBid.CloseBrowser(JingleBid.java:299)
at org.testing.JingleBid.CloseBrowser(JingleBid.java:299)
at org.testing.JingleBid.CloseBrowser(JingleBid.java:299)
at org.testing.JingleBid.CloseBrowser(JingleBid.java:299)
at org.testing.JingleBid.CloseBrowser(JingleBid.java:299)
at org.testing.JingleBid.CloseBrowser(JingleBid.java:299)
at org.testing.JingleBid.CloseBrowser(JingleBid.java:299)
at org.testing.JingleBid.CloseBrowser(JingleBid.java:299)
at org.testing.JingleBid.CloseBrowser(JingleBid.java:299)
at org.testing.JingleBid.CloseBrowser(JingleBid.java:299)
at org.testing.JingleBid.CloseBrowser(JingleBid.java:299)
at org.testing.JingleBid.CloseBrowser(JingleBid.java:299)
at org.testing.JingleBid.CloseBrowser(JingleBid.java:299)
at org.testing.JingleBid.CloseBrowser(JingleBid.java:299)
at org.testing.JingleBid.CloseBrowser(JingleBid.java:299)
at org.testing.JingleBid.CloseBrowser(JingleBid.java:299)
at org.testing.JingleBid.CloseBrowser(JingleBid.java:299)
at org.testing.JingleBid.CloseBrowser(JingleBid.java:299)
at org.testing.JingleBid.CloseBrowser(JingleBid.java:299)
at org.testing.JingleBid.CloseBrowser(JingleBid.java:299)
at org.testing.JingleBid.CloseBrowser(JingleBid.java:299)
at org.testing.JingleBid.CloseBrowser(JingleBid.java:299)
at org.testing.JingleBid.CloseBrowser(JingleBid.java:299)
at org.testing.JingleBid.CloseBrowser(JingleBid.java:299)
at org.testing.JingleBid.CloseBrowser(JingleBid.java:299)
at org.testing.JingleBid.CloseBrowser(JingleBid.java:299)
at org.testing.JingleBid.CloseBrowser(JingleBid.java:299)
at org.testing.JingleBid.CloseBrowser(JingleBid.java:299)
at org.testing.JingleBid.CloseBrowser(JingleBid.java:299)
at org.testing.JingleBid.CloseBrowser(JingleBid.java:299)
at org.testing.JingleBid.CloseBrowser(JingleBid.java:299)
at org.testing.JingleBid.CloseBrowser(JingleBid.java:299)
at org.testing.JingleBid.CloseBrowser(JingleBid.java:299)
at org.testing.JingleBid.CloseBrowser(JingleBid.java:299)
at org.testing.JingleBid.CloseBrowser(JingleBid.java:299)
at org.testing.JingleBid.CloseBrowser(JingleBid.java:299)
at org.testing.JingleBid.CloseBrowser(JingleBid.java:299)
at org.testing.JingleBid.CloseBrowser(JingleBid.java:299)
at org.testing.JingleBid.CloseBrowser(JingleBid.java:299)
at org.testing.JingleBid.CloseBrowser(JingleBid.java:299)
at org.testing.JingleBid.CloseBrowser(JingleBid.java:299)
at org.testing.JingleBid.CloseBrowser(JingleBid.java:299)
at org.testing.JingleBid.CloseBrowser(JingleBid.java:299)
at org.testing.JingleBid.CloseBrowser(JingleBid.java:299)
at org.testing.JingleBid.CloseBrowser(JingleBid.java:299)
at org.testing.JingleBid.CloseBrowser(JingleBid.java:299)
at org.testing.JingleBid.CloseBrowser(JingleBid.java:299)
at org.testing.JingleBid.CloseBrowser(JingleBid.java:299)
at org.testing.JingleBid.CloseBrowser(JingleBid.java:299)
at org.testing.JingleBid.CloseBrowser(JingleBid.java:299)
at org.testing.JingleBid.CloseBrowser(JingleBid.java:299)
at org.testing.JingleBid.CloseBrowser(JingleBid.java:299)
at org.testing.JingleBid.CloseBrowser(JingleBid.java:299)
at org.testing.JingleBid.CloseBrowser(JingleBid.java:299)
at org.testing.JingleBid.CloseBrowser(JingleBid.java:299)
at org.testing.JingleBid.CloseBrowser(JingleBid.java:299)
at org.testing.JingleBid.CloseBrowser(JingleBid.java:299)
at org.testing.JingleBid.CloseBrowser(JingleBid.java:299)
at org.testing.JingleBid.CloseBrowser(JingleBid.java:299)
at org.testing.JingleBid.CloseBrowser(JingleBid.java:299)
at org.testing.JingleBid.CloseBrowser(JingleBid.java:299)
at org.testing.JingleBid.CloseBrowser(JingleBid.java:299)
at org.testing.JingleBid.CloseBrowser(JingleBid.java:299)
at org.testing.JingleBid.CloseBrowser(JingleBid.java:299)
at org.testing.JingleBid.CloseBrowser(JingleBid.java:299)
at org.testing.JingleBid.CloseBrowser(JingleBid.java:299)
at org.testing.JingleBid.CloseBrowser(JingleBid.java:299)
at org.testing.JingleBid.CloseBrowser(JingleBid.java:299)
at org.testing.JingleBid.CloseBrowser(JingleBid.java:299)
at org.testing.JingleBid.CloseBrowser(JingleBid.java:299)
at org.testing.JingleBid.CloseBrowser(JingleBid.java:299)
at org.testing.JingleBid.CloseBrowser(JingleBid.java:299)
at org.testing.JingleBid.CloseBrowser(JingleBid.java:299)
at org.testing.JingleBid.CloseBrowser(JingleBid.java:299)
at org.testing.JingleBid.CloseBrowser(JingleBid.java:299)
at org.testing.JingleBid.CloseBrowser(JingleBid.java:299)
at org.testing.JingleBid.CloseBrowser(JingleBid.java:299)
at org.testing.JingleBid.CloseBrowser(JingleBid.java:299)
at org.testing.JingleBid.CloseBrowser(JingleBid.java:299)
at org.testing.JingleBid.CloseBrowser(JingleBid.java:299)
at org.testing.JingleBid.CloseBrowser(JingleBid.java:299)
at org.testing.JingleBid.CloseBrowser(JingleBid.java:299)
at org.testing.JingleBid.CloseBrowser(JingleBid.java:299)
at org.testing.JingleBid.CloseBrowser(JingleBid.java:299)
at org.testing.JingleBid.CloseBrowser(JingleBid.java:299)
at org.testing.JingleBid.CloseBrowser(JingleBid.java:299)
at org.testing.JingleBid.CloseBrowser(JingleBid.java:299)
at org.testing.JingleBid.CloseBrowser(JingleBid.java:299)
at org.testing.JingleBid.CloseBrowser(JingleBid.java:299)
at org.testing.JingleBid.CloseBrowser(JingleBid.java:299)
at org.testing.JingleBid.CloseBrowser(JingleBid.java:299)
at org.testing.JingleBid.CloseBrowser(JingleBid.java:299)
at org.testing.JingleBid.CloseBrowser(JingleBid.java:299)
at org.testing.JingleBid.CloseBrowser(JingleBid.java:299)
at org.testing.JingleBid.CloseBrowser(JingleBid.java:299)
at org.testing.JingleBid.CloseBrowser(JingleBid.java:299)
at org.testing.JingleBid.CloseBrowser(JingleBid.java:299)
at org.testing.JingleBid.CloseBrowser(JingleBid.java:299)
at org.testing.JingleBid.CloseBrowser(JingleBid.java:299)
at org.testing.JingleBid.CloseBrowser(JingleBid.java:299)
at org.testing.JingleBid.CloseBrowser(JingleBid.java:299)
at org.testing.JingleBid.CloseBrowser(JingleBid.java:299)
at org.testing.JingleBid.CloseBrowser(JingleBid.java:299)
at org.testing.JingleBid.CloseBrowser(JingleBid.java:299)
at org.testing.JingleBid.CloseBrowser(JingleBid.java:299)
at org.testing.JingleBid.CloseBrowser(JingleBid.java:299)
at org.testing.JingleBid.CloseBrowser(JingleBid.java:299)
at org.testing.JingleBid.CloseBrowser(JingleBid.java:299)
at org.testing.JingleBid.CloseBrowser(JingleBid.java:299)
at org.testing.JingleBid.CloseBrowser(JingleBid.java:299)
at org.testing.JingleBid.CloseBrowser(JingleBid.java:299)
at org.testing.JingleBid.CloseBrowser(JingleBid.java:299)
at org.testing.JingleBid.CloseBrowser(JingleBid.java:299)
at org.testing.JingleBid.CloseBrowser(JingleBid.java:299)
at org.testing.JingleBid.CloseBrowser(JingleBid.java:299)
at org.testing.JingleBid.CloseBrowser(JingleBid.java:299)
at org.testing.JingleBid.CloseBrowser(JingleBid.java:299)
at org.testing.JingleBid.CloseBrowser(JingleBid.java:299)
at org.testing.JingleBid.CloseBrowser(JingleBid.java:299)
at org.testing.JingleBid.CloseBrowser(JingleBid.java:299)
at org.testing.JingleBid.CloseBrowser(JingleBid.java:299)
at org.testing.JingleBid.CloseBrowser(JingleBid.java:299)
at org.testing.JingleBid.CloseBrowser(JingleBid.java:299)
at org.testing.JingleBid.CloseBrowser(JingleBid.java:299)
at org.testing.JingleBid.CloseBrowser(JingleBid.java:299)
at org.testing.JingleBid.CloseBrowser(JingleBid.java:299)
at org.testing.JingleBid.CloseBrowser(JingleBid.java:299)
at org.testing.JingleBid.CloseBrowser(JingleBid.java:299)
at org.testing.JingleBid.CloseBrowser(JingleBid.java:299)
at org.testing.JingleBid.CloseBrowser(JingleBid.java:299)
at org.testing.JingleBid.CloseBrowser(JingleBid.java:299)
at org.testing.JingleBid.CloseBrowser(JingleBid.java:299)
at org.testing.JingleBid.CloseBrowser(JingleBid.java:299)
at org.testing.JingleBid.CloseBrowser(JingleBid.java:299)
at org.testing.JingleBid.CloseBrowser(JingleBid.java:299)
at org.testing.JingleBid.CloseBrowser(JingleBid.java:299)
at org.testing.JingleBid.CloseBrowser(JingleBid.java:299)
at org.testing.JingleBid.CloseBrowser(JingleBid.java:299)
at org.testing.JingleBid.CloseBrowser(JingleBid.java:299)
at org.testing.JingleBid.CloseBrowser(JingleBid.java:299)
at org.testing.JingleBid.CloseBrowser(JingleBid.java:299)
at org.testing.JingleBid.CloseBrowser(JingleBid.java:299)
at org.testing.JingleBid.CloseBrowser(JingleBid.java:299)
at org.testing.JingleBid.CloseBrowser(JingleBid.java:299)
at org.testing.JingleBid.CloseBrowser(JingleBid.java:299)
at org.testing.JingleBid.CloseBrowser(JingleBid.java:299)
at org.testing.JingleBid.CloseBrowser(JingleBid.java:299)
at org.testing.JingleBid.CloseBrowser(JingleBid.java:299)
at org.testing.JingleBid.CloseBrowser(JingleBid.java:299)
at org.testing.JingleBid.CloseBrowser(JingleBid.java:299)
at org.testing.JingleBid.CloseBrowser(JingleBid.java:299)
at org.testing.JingleBid.CloseBrowser(JingleBid.java:299)
at org.testing.JingleBid.CloseBrowser(JingleBid.java:299)
at org.testing.JingleBid.CloseBrowser(JingleBid.java:299)
at org.testing.JingleBid.CloseBrowser(JingleBid.java:299)
at org.testing.JingleBid.CloseBrowser(JingleBid.java:299)
at org.testing.JingleBid.CloseBrowser(JingleBid.java:299)
at org.testing.JingleBid.CloseBrowser(JingleBid.java:299)
at org.testing.JingleBid.CloseBrowser(JingleBid.java:299)
at org.testing.JingleBid.CloseBrowser(JingleBid.java:299)
at org.testing.JingleBid.CloseBrowser(JingleBid.java:299)
at org.testing.JingleBid.CloseBrowser(JingleBid.java:299)
at org.testing.JingleBid.CloseBrowser(JingleBid.java:299)
at org.testing.JingleBid.CloseBrowser(JingleBid.java:299)
at org.testing.JingleBid.CloseBrowser(JingleBid.java:299)
at org.testing.JingleBid.CloseBrowser(JingleBid.java:299)
at org.testing.JingleBid.CloseBrowser(JingleBid.java:299)
at org.testing.JingleBid.CloseBrowser(JingleBid.java:299)
at org.testing.JingleBid.CloseBrowser(JingleBid.java:299)
at org.testing.JingleBid.CloseBrowser(JingleBid.java:299)
at org.testing.JingleBid.CloseBrowser(JingleBid.java:299)
at org.testing.JingleBid.CloseBrowser(JingleBid.java:299)
at org.testing.JingleBid.CloseBrowser(JingleBid.java:299)
at org.testing.JingleBid.CloseBrowser(JingleBid.java:299)
at org.testing.JingleBid.CloseBrowser(JingleBid.java:299)
at org.testing.JingleBid.CloseBrowser(JingleBid.java:299)
at org.testing.JingleBid.CloseBrowser(JingleBid.java:299)
at org.testing.JingleBid.CloseBrowser(JingleBid.java:299)
at org.testing.JingleBid.CloseBrowser(JingleBid.java:299)
at org.testing.JingleBid.CloseBrowser(JingleBid.java:299)
at org.testing.JingleBid.CloseBrowser(JingleBid.java:299)
at org.testing.JingleBid.CloseBrowser(JingleBid.java:299)
at org.testing.JingleBid.CloseBrowser(JingleBid.java:299)
at org.testing.JingleBid.CloseBrowser(JingleBid.java:299)
at org.testing.JingleBid.CloseBrowser(JingleBid.java:299)
at org.testing.JingleBid.CloseBrowser(JingleBid.java:299)
at org.testing.JingleBid.CloseBrowser(JingleBid.java:299)
at org.testing.JingleBid.CloseBrowser(JingleBid.java:299)
at org.testing.JingleBid.CloseBrowser(JingleBid.java:299)
at org.testing.JingleBid.CloseBrowser(JingleBid.java:299)
at org.testing.JingleBid.CloseBrowser(JingleBid.java:299)
at org.testing.JingleBid.CloseBrowser(JingleBid.java:299)
at org.testing.JingleBid.CloseBrowser(JingleBid.java:299)
at org.testing.JingleBid.CloseBrowser(JingleBid.java:299)
at org.testing.JingleBid.CloseBrowser(JingleBid.java:299)
at org.testing.JingleBid.CloseBrowser(JingleBid.java:299)
at org.testing.JingleBid.CloseBrowser(JingleBid.java:299)
at org.testing.JingleBid.CloseBrowser(JingleBid.java:299)
at org.testing.JingleBid.CloseBrowser(JingleBid.java:299)
at org.testing.JingleBid.CloseBrowser(JingleBid.java:299)
at org.testing.JingleBid.CloseBrowser(JingleBid.java:299)
at org.testing.JingleBid.CloseBrowser(JingleBid.java:299)
at org.testing.JingleBid.CloseBrowser(JingleBid.java:299)
at org.testing.JingleBid.CloseBrowser(JingleBid.java:299)
at org.testing.JingleBid.CloseBrowser(JingleBid.java:299)
at org.testing.JingleBid.CloseBrowser(JingleBid.java:299)
at org.testing.JingleBid.CloseBrowser(JingleBid.java:299)
at org.testing.JingleBid.CloseBrowser(JingleBid.java:299)
at org.testing.JingleBid.CloseBrowser(JingleBid.java:299)
at org.testing.JingleBid.CloseBrowser(JingleBid.java:299)
at org.testing.JingleBid.CloseBrowser(JingleBid.java:299)
at org.testing.JingleBid.CloseBrowser(JingleBid.java:299)
at org.testing.JingleBid.CloseBrowser(JingleBid.java:299)
at org.testing.JingleBid.CloseBrowser(JingleBid.java:299)
at org.testing.JingleBid.CloseBrowser(JingleBid.java:299)
at org.testing.JingleBid.CloseBrowser(JingleBid.java:299)
at org.testing.JingleBid.CloseBrowser(JingleBid.java:299)
at org.testing.JingleBid.CloseBrowser(JingleBid.java:299)
at org.testing.JingleBid.CloseBrowser(JingleBid.java:299)
at org.testing.JingleBid.CloseBrowser(JingleBid.java:299)
at org.testing.JingleBid.CloseBrowser(JingleBid.java:299)
at org.testing.JingleBid.CloseBrowser(JingleBid.java:299)
at org.testing.JingleBid.CloseBrowser(JingleBid.java:299)
at org.testing.JingleBid.CloseBrowser(JingleBid.java:299)
at org.testing.JingleBid.CloseBrowser(JingleBid.java:299)
at org.testing.JingleBid.CloseBrowser(JingleBid.java:299)
at org.testing.JingleBid.CloseBrowser(JingleBid.java:299)
at org.testing.JingleBid.CloseBrowser(JingleBid.java:299)
at org.testing.JingleBid.CloseBrowser(JingleBid.java:299)
at org.testing.JingleBid.CloseBrowser(JingleBid.java:299)
at org.testing.JingleBid.CloseBrowser(JingleBid.java:299)
at org.testing.JingleBid.CloseBrowser(JingleBid.java:299)
at org.testing.JingleBid.CloseBrowser(JingleBid.java:299)
at org.testing.JingleBid.CloseBrowser(JingleBid.java:299)
at org.testing.JingleBid.CloseBrowser(JingleBid.java:299)
at org.testing.JingleBid.CloseBrowser(JingleBid.java:299)
at org.testing.JingleBid.CloseBrowser(JingleBid.java:299)
at org.testing.JingleBid.CloseBrowser(JingleBid.java:299)
at org.testing.JingleBid.CloseBrowser(JingleBid.java:299)
at org.testing.JingleBid.CloseBrowser(JingleBid.java:299)
at org.testing.JingleBid.CloseBrowser(JingleBid.java:299)
at org.testing.JingleBid.CloseBrowser(JingleBid.java:299)
at org.testing.JingleBid.CloseBrowser(JingleBid.java:299)
at org.testing.JingleBid.CloseBrowser(JingleBid.java:299)
at org.testing.JingleBid.CloseBrowser(JingleBid.java:299)
at org.testing.JingleBid.CloseBrowser(JingleBid.java:299)
at org.testing.JingleBid.CloseBrowser(JingleBid.java:299)
at org.testing.JingleBid.CloseBrowser(JingleBid.java:299)
at org.testing.JingleBid.CloseBrowser(JingleBid.java:299)
at org.testing.JingleBid.CloseBrowser(JingleBid.java:299)
at org.testing.JingleBid.CloseBrowser(JingleBid.java:299)
at org.testing.JingleBid.CloseBrowser(JingleBid.java:299)
at org.testing.JingleBid.CloseBrowser(JingleBid.java:299)
at org.testing.JingleBid.CloseBrowser(JingleBid.java:299)
at org.testing.JingleBid.CloseBrowser(JingleBid.java:299)
at org.testing.JingleBid.CloseBrowser(JingleBid.java:299)
at org.testing.JingleBid.CloseBrowser(JingleBid.java:299)
at org.testing.JingleBid.CloseBrowser(JingleBid.java:299)
at org.testing.JingleBid.CloseBrowser(JingleBid.java:299)
at org.testing.JingleBid.CloseBrowser(JingleBid.java:299)
at org.testing.JingleBid.CloseBrowser(JingleBid.java:299)
at org.testing.JingleBid.CloseBrowser(JingleBid.java:299)
at org.testing.JingleBid.CloseBrowser(JingleBid.java:299)
at org.testing.JingleBid.CloseBrowser(JingleBid.java:299)
at org.testing.JingleBid.CloseBrowser(JingleBid.java:299)
at org.testing.JingleBid.CloseBrowser(JingleBid.java:299)
at org.testing.JingleBid.CloseBrowser(JingleBid.java:299)
at org.testing.JingleBid.CloseBrowser(JingleBid.java:299)
at org.testing.JingleBid.CloseBrowser(JingleBid.java:299)
at org.testing.JingleBid.CloseBrowser(JingleBid.java:299)
at org.testing.JingleBid.CloseBrowser(JingleBid.java:299)
at org.testing.JingleBid.CloseBrowser(JingleBid.java:299)
at org.testing.JingleBid.CloseBrowser(JingleBid.java:299)
at org.testing.JingleBid.CloseBrowser(JingleBid.java:299)
at org.testing.JingleBid.CloseBrowser(JingleBid.java:299)
at org.testing.JingleBid.CloseBrowser(JingleBid.java:299)
at org.testing.JingleBid.CloseBrowser(JingleBid.java:299)
at org.testing.JingleBid.CloseBrowser(JingleBid.java:299)
at org.testing.JingleBid.CloseBrowser(JingleBid.java:299)
at org.testing.JingleBid.CloseBrowser(JingleBid.java:299)
at org.testing.JingleBid.CloseBrowser(JingleBid.java:299)
at org.testing.JingleBid.CloseBrowser(JingleBid.java:299)
at org.testing.JingleBid.CloseBrowser(JingleBid.java:299)
at org.testing.JingleBid.CloseBrowser(JingleBid.java:299)
at org.testing.JingleBid.CloseBrowser(JingleBid.java:299)
at org.testing.JingleBid.CloseBrowser(JingleBid.java:299)
at org.testing.JingleBid.CloseBrowser(JingleBid.java:299)
at org.testing.JingleBid.CloseBrowser(JingleBid.java:299)
at org.testing.JingleBid.CloseBrowser(JingleBid.java:299)
at org.testing.JingleBid.CloseBrowser(JingleBid.java:299)
at org.testing.JingleBid.CloseBrowser(JingleBid.java:299)
at org.testing.JingleBid.CloseBrowser(JingleBid.java:299)
at org.testing.JingleBid.CloseBrowser(JingleBid.java:299)
at org.testing.JingleBid.CloseBrowser(JingleBid.java:299)
at org.testing.JingleBid.CloseBrowser(JingleBid.java:299)
at org.testing.JingleBid.CloseBrowser(JingleBid.java:299)
at org.testing.JingleBid.CloseBrowser(JingleBid.java:299)
at org.testing.JingleBid.CloseBrowser(JingleBid.java:299)
at org.testing.JingleBid.CloseBrowser(JingleBid.java:299)
at org.testing.JingleBid.CloseBrowser(JingleBid.java:299)
at org.testing.JingleBid.CloseBrowser(JingleBid.java:299)
at org.testing.JingleBid.CloseBrowser(JingleBid.java:299)
at org.testing.JingleBid.CloseBrowser(JingleBid.java:299)
at org.testing.JingleBid.CloseBrowser(JingleBid.java:299)
at org.testing.JingleBid.CloseBrowser(JingleBid.java:299)
at org.testing.JingleBid.CloseBrowser(JingleBid.java:299)
at org.testing.JingleBid.CloseBrowser(JingleBid.java:299)
at org.testing.JingleBid.CloseBrowser(JingleBid.java:299)
at org.testing.JingleBid.CloseBrowser(JingleBid.java:299)
at org.testing.JingleBid.CloseBrowser(JingleBid.java:299)
at org.testing.JingleBid.CloseBrowser(JingleBid.java:299)
at org.testing.JingleBid.CloseBrowser(JingleBid.java:299)
at org.testing.JingleBid.CloseBrowser(JingleBid.java:299)
at org.testing.JingleBid.CloseBrowser(JingleBid.java:299)
at org.testing.JingleBid.CloseBrowser(JingleBid.java:299)
at org.testing.JingleBid.CloseBrowser(JingleBid.java:299)
at org.testing.JingleBid.CloseBrowser(JingleBid.java:299)
at org.testing.JingleBid.CloseBrowser(JingleBid.java:299)
at org.testing.JingleBid.CloseBrowser(JingleBid.java:299)
at org.testing.JingleBid.CloseBrowser(JingleBid.java:299)
at org.testing.JingleBid.CloseBrowser(JingleBid.java:299)
at org.testing.JingleBid.CloseBrowser(JingleBid.java:299)
at org.testing.JingleBid.CloseBrowser(JingleBid.java:299)
at org.testing.JingleBid.CloseBrowser(JingleBid.java:299)
at org.testing.JingleBid.CloseBrowser(JingleBid.java:299)
at org.testing.JingleBid.CloseBrowser(JingleBid.java:299)
at org.testing.JingleBid.CloseBrowser(JingleBid.java:299)
at org.testing.JingleBid.CloseBrowser(JingleBid.java:299)
at org.testing.JingleBid.CloseBrowser(JingleBid.java:299)
at org.testing.JingleBid.CloseBrowser(JingleBid.java:299)
at org.testing.JingleBid.CloseBrowser(JingleBid.java:299)
at org.testing.JingleBid.CloseBrowser(JingleBid.java:299)
at org.testing.JingleBid.CloseBrowser(JingleBid.java:299)
at org.testing.JingleBid.CloseBrowser(JingleBid.java:299)
at org.testing.JingleBid.CloseBrowser(JingleBid.java:299)
at org.testing.JingleBid.CloseBrowser(JingleBid.java:299)
at org.testing.JingleBid.CloseBrowser(JingleBid.java:299)
at org.testing.JingleBid.CloseBrowser(JingleBid.java:299)
at org.testing.JingleBid.CloseBrowser(JingleBid.java:299)
at org.testing.JingleBid.CloseBrowser(JingleBid.java:299)
at org.testing.JingleBid.CloseBrowser(JingleBid.java:299)
at org.testing.JingleBid.CloseBrowser(JingleBid.java:299)
at org.testing.JingleBid.CloseBrowser(JingleBid.java:299)
at org.testing.JingleBid.CloseBrowser(JingleBid.java:299)
at org.testing.JingleBid.CloseBrowser(JingleBid.java:299)
at org.testing.JingleBid.CloseBrowser(JingleBid.java:299)
at org.testing.JingleBid.CloseBrowser(JingleBid.java:299)
at org.testing.JingleBid.CloseBrowser(JingleBid.java:299)
at org.testing.JingleBid.CloseBrowser(JingleBid.java:299)
at org.testing.JingleBid.CloseBrowser(JingleBid.java:299)
at org.testing.JingleBid.CloseBrowser(JingleBid.java:299)
at org.testing.JingleBid.CloseBrowser(JingleBid.java:299)
at org.testing.JingleBid.CloseBrowser(JingleBid.java:299)
at org.testing.JingleBid.CloseBrowser(JingleBid.java:299)
at org.testing.JingleBid.CloseBrowser(JingleBid.java:299)
at org.testing.JingleBid.CloseBrowser(JingleBid.java:299)
at org.testing.JingleBid.CloseBrowser(JingleBid.java:299)
at org.testing.JingleBid.CloseBrowser(JingleBid.java:299)
at org.testing.JingleBid.CloseBrowser(JingleBid.java:299)
at org.testing.JingleBid.CloseBrowser(JingleBid.java:299)
at org.testing.JingleBid.CloseBrowser(JingleBid.java:299)
at org.testing.JingleBid.CloseBrowser(JingleBid.java:299)
at org.testing.JingleBid.CloseBrowser(JingleBid.java:299)
at org.testing.JingleBid.CloseBrowser(JingleBid.java:299)
at org.testing.JingleBid.CloseBrowser(JingleBid.java:299)
at org.testing.JingleBid.CloseBrowser(JingleBid.java:299)
at org.testing.JingleBid.CloseBrowser(JingleBid.java:299)
at org.testing.JingleBid.CloseBrowser(JingleBid.java:299)
at org.testing.JingleBid.CloseBrowser(JingleBid.java:299)
at org.testing.JingleBid.CloseBrowser(JingleBid.java:299)
at org.testing.JingleBid.CloseBrowser(JingleBid.java:299)
at org.testing.JingleBid.CloseBrowser(JingleBid.java:299)
at org.testing.JingleBid.CloseBrowser(JingleBid.java:299)
at org.testing.JingleBid.CloseBrowser(JingleBid.java:299)
at org.testing.JingleBid.CloseBrowser(JingleBid.java:299)
at org.testing.JingleBid.CloseBrowser(JingleBid.java:299)
at org.testing.JingleBid.CloseBrowser(JingleBid.java:299)
at org.testing.JingleBid.CloseBrowser(JingleBid.java:299)
at org.testing.JingleBid.CloseBrowser(JingleBid.java:299)
at org.testing.JingleBid.CloseBrowser(JingleBid.java:299)
at org.testing.JingleBid.CloseBrowser(JingleBid.java:299)
at org.testing.JingleBid.CloseBrowser(JingleBid.java:299)
at org.testing.JingleBid.CloseBrowser(JingleBid.java:299)
at org.testing.JingleBid.CloseBrowser(JingleBid.java:299)
at org.testing.JingleBid.CloseBrowser(JingleBid.java:299)
at org.testing.JingleBid.CloseBrowser(JingleBid.java:299)
at org.testing.JingleBid.CloseBrowser(JingleBid.java:299)
at org.testing.JingleBid.CloseBrowser(JingleBid.java:299)
at org.testing.JingleBid.CloseBrowser(JingleBid.java:299)
at org.testing.JingleBid.CloseBrowser(JingleBid.java:299)
at org.testing.JingleBid.CloseBrowser(JingleBid.java:299)
at org.testing.JingleBid.CloseBrowser(JingleBid.java:299)
at org.testing.JingleBid.CloseBrowser(JingleBid.java:299)
at org.testing.JingleBid.CloseBrowser(JingleBid.java:299)
at org.testing.JingleBid.CloseBrowser(JingleBid.java:299)
at org.testing.JingleBid.CloseBrowser(JingleBid.java:299)
at org.testing.JingleBid.CloseBrowser(JingleBid.java:299)
at org.testing.JingleBid.CloseBrowser(JingleBid.java:299)
at org.testing.JingleBid.CloseBrowser(JingleBid.java:299)
at org.testing.JingleBid.CloseBrowser(JingleBid.java:299)
at org.testing.JingleBid.CloseBrowser(JingleBid.java:299)
at org.testing.JingleBid.CloseBrowser(JingleBid.java:299)
at org.testing.JingleBid.CloseBrowser(JingleBid.java:299)
at org.testing.JingleBid.CloseBrowser(JingleBid.java:299)
at org.testing.JingleBid.CloseBrowser(JingleBid.java:299)
at org.testing.JingleBid.CloseBrowser(JingleBid.java:299)
at org.testing.JingleBid.CloseBrowser(JingleBid.java:299)
at org.testing.JingleBid.CloseBrowser(JingleBid.java:299)
at org.testing.JingleBid.CloseBrowser(JingleBid.java:299)
at org.testing.JingleBid.CloseBrowser(JingleBid.java:299)
at org.testing.JingleBid.CloseBrowser(JingleBid.java:299)
at org.testing.JingleBid.CloseBrowser(JingleBid.java:299)
at org.testing.JingleBid.CloseBrowser(JingleBid.java:299)
at org.testing.JingleBid.CloseBrowser(JingleBid.java:299)
at org.testing.JingleBid.CloseBrowser(JingleBid.java:299)
at org.testing.JingleBid.CloseBrowser(JingleBid.java:299)
at org.testing.JingleBid.CloseBrowser(JingleBid.java:299)
at org.testing.JingleBid.CloseBrowser(JingleBid.java:299)
at org.testing.JingleBid.CloseBrowser(JingleBid.java:299)
at org.testing.JingleBid.CloseBrowser(JingleBid.java:299)
at org.testing.JingleBid.CloseBrowser(JingleBid.java:299)
at org.testing.JingleBid.CloseBrowser(JingleBid.java:299)
at org.testing.JingleBid.CloseBrowser(JingleBid.java:299)
at org.testing.JingleBid.CloseBrowser(JingleBid.java:299)
at org.testing.JingleBid.CloseBrowser(JingleBid.java:299)
at org.testing.JingleBid.CloseBrowser(JingleBid.java:299)
at org.testing.JingleBid.CloseBrowser(JingleBid.java:299)
at org.testing.JingleBid.CloseBrowser(JingleBid.java:299)
at org.testing.JingleBid.CloseBrowser(JingleBid.java:299)
at org.testing.JingleBid.CloseBrowser(JingleBid.java:299)
at org.testing.JingleBid.CloseBrowser(JingleBid.java:299)
at org.testing.JingleBid.CloseBrowser(JingleBid.java:299)
at org.testing.JingleBid.CloseBrowser(JingleBid.java:299)
at org.testing.JingleBid.CloseBrowser(JingleBid.java:299)
at org.testing.JingleBid.CloseBrowser(JingleBid.java:299)
at org.testing.JingleBid.CloseBrowser(JingleBid.java:299)
at org.testing.JingleBid.CloseBrowser(JingleBid.java:299)
at org.testing.JingleBid.CloseBrowser(JingleBid.java:299)
at org.testing.JingleBid.CloseBrowser(JingleBid.java:299)
at org.testing.JingleBid.CloseBrowser(JingleBid.java:299)
at org.testing.JingleBid.CloseBrowser(JingleBid.java:299)
at org.testing.JingleBid.CloseBrowser(JingleBid.java:299)
at org.testing.JingleBid.CloseBrowser(JingleBid.java:299)
at org.testing.JingleBid.CloseBrowser(JingleBid.java:299)
at org.testing.JingleBid.CloseBrowser(JingleBid.java:299)
at org.testing.JingleBid.CloseBrowser(JingleBid.java:299)
at org.testing.JingleBid.CloseBrowser(JingleBid.java:299)
at org.testing.JingleBid.CloseBrowser(JingleBid.java:299)
at org.testing.JingleBid.CloseBrowser(JingleBid.java:299)
at org.testing.JingleBid.CloseBrowser(JingleBid.java:299)
at org.testing.JingleBid.CloseBrowser(JingleBid.java:299)
at org.testing.JingleBid.CloseBrowser(JingleBid.java:299)
at org.testing.JingleBid.CloseBrowser(JingleBid.java:299)
at org.testing.JingleBid.CloseBrowser(JingleBid.java:299)
at org.testing.JingleBid.CloseBrowser(JingleBid.java:299)
at org.testing.JingleBid.CloseBrowser(JingleBid.java:299)
at org.testing.JingleBid.CloseBrowser(JingleBid.java:299)
at org.testing.JingleBid.CloseBrowser(JingleBid.java:299)
at org.testing.JingleBid.CloseBrowser(JingleBid.java:299)
at org.testing.JingleBid.CloseBrowser(JingleBid.java:299)
at org.testing.JingleBid.CloseBrowser(JingleBid.java:299)
at org.testing.JingleBid.CloseBrowser(JingleBid.java:299)
at org.testing.JingleBid.CloseBrowser(JingleBid.java:299)
at org.testing.JingleBid.CloseBrowser(JingleBid.java:299)
at org.testing.JingleBid.CloseBrowser(JingleBid.java:299)
at org.testing.JingleBid.CloseBrowser(JingleBid.java:299)
at org.testing.JingleBid.CloseBrowser(JingleBid.java:299)
at org.testing.JingleBid.CloseBrowser(JingleBid.java:299)
at org.testing.JingleBid.CloseBrowser(JingleBid.java:299)
at org.testing.JingleBid.CloseBrowser(JingleBid.java:299)
at org.testing.JingleBid.CloseBrowser(JingleBid.java:299)
at org.testing.JingleBid.CloseBrowser(JingleBid.java:299)
at org.testing.JingleBid.CloseBrowser(JingleBid.java:299)
at org.testing.JingleBid.CloseBrowser(JingleBid.java:299)
at org.testing.JingleBid.CloseBrowser(JingleBid.java:299)
at org.testing.JingleBid.CloseBrowser(JingleBid.java:299)
at org.testing.JingleBid.CloseBrowser(JingleBid.java:299)
at org.testing.JingleBid.CloseBrowser(JingleBid.java:299)
at org.testing.JingleBid.CloseBrowser(JingleBid.java:299)
at org.testing.JingleBid.CloseBrowser(JingleBid.java:299)
at org.testing.JingleBid.CloseBrowser(JingleBid.java:299)
at org.testing.JingleBid.CloseBrowser(JingleBid.java:299)
at org.testing.JingleBid.CloseBrowser(JingleBid.java:299)
at org.testing.JingleBid.CloseBrowser(JingleBid.java:299)
at org.testing.JingleBid.CloseBrowser(JingleBid.java:299)
at org.testing.JingleBid.CloseBrowser(JingleBid.java:299)
at org.testing.JingleBid.CloseBrowser(JingleBid.java:299)
at org.testing.JingleBid.CloseBrowser(JingleBid.java:299)
at org.testing.JingleBid.CloseBrowser(JingleBid.java:299)
at org.testing.JingleBid.CloseBrowser(JingleBid.java:299)
at org.testing.JingleBid.CloseBrowser(JingleBid.java:299)
at org.testing.JingleBid.CloseBrowser(JingleBid.java:299)
at org.testing.JingleBid.CloseBrowser(JingleBid.java:299)
at org.testing.JingleBid.CloseBrowser(JingleBid.java:299)
at org.testing.JingleBid.CloseBrowser(JingleBid.java:299)
at org.testing.JingleBid.CloseBrowser(JingleBid.java:299)
at org.testing.JingleBid.CloseBrowser(JingleBid.java:299)
at org.testing.JingleBid.CloseBrowser(JingleBid.java:299)
at org.testing.JingleBid.CloseBrowser(JingleBid.java:299)
at org.testing.JingleBid.CloseBrowser(JingleBid.java:299)
at org.testing.JingleBid.CloseBrowser(JingleBid.java:299)
at org.testing.JingleBid.CloseBrowser(JingleBid.java:299)
at org.testing.JingleBid.CloseBrowser(JingleBid.java:299)
at org.testing.JingleBid.CloseBrowser(JingleBid.java:299)
at org.testing.JingleBid.CloseBrowser(JingleBid.java:299)
at org.testing.JingleBid.CloseBrowser(JingleBid.java:299)
at org.testing.JingleBid.CloseBrowser(JingleBid.java:299)
at org.testing.JingleBid.CloseBrowser(JingleBid.java:299)
at org.testing.JingleBid.CloseBrowser(JingleBid.java:299)
at org.testing.JingleBid.CloseBrowser(JingleBid.java:299)
at org.testing.JingleBid.CloseBrowser(JingleBid.java:299)
at org.testing.JingleBid.CloseBrowser(JingleBid.java:299)
at org.testing.JingleBid.CloseBrowser(JingleBid.java:299)
at org.testing.JingleBid.CloseBrowser(JingleBid.java:299)
at org.testing.JingleBid.CloseBrowser(JingleBid.java:299)
at org.testing.JingleBid.CloseBrowser(JingleBid.java:299)
at org.testing.JingleBid.CloseBrowser(JingleBid.java:299)
at org.testing.JingleBid.CloseBrowser(JingleBid.java:299)
at org.testing.JingleBid.CloseBrowser(JingleBid.java:299)
at org.testing.JingleBid.CloseBrowser(JingleBid.java:299)
at org.testing.JingleBid.CloseBrowser(JingleBid.java:299)
at org.testing.JingleBid.CloseBrowser(JingleBid.java:299)
at org.testing.JingleBid.CloseBrowser(JingleBid.java:299)
at org.testing.JingleBid.CloseBrowser(JingleBid.java:299)
at org.testing.JingleBid.CloseBrowser(JingleBid.java:299)
at org.testing.JingleBid.CloseBrowser(JingleBid.java:299)
at org.testing.JingleBid.CloseBrowser(JingleBid.java:299)
at org.testing.JingleBid.CloseBrowser(JingleBid.java:299)
at org.testing.JingleBid.CloseBrowser(JingleBid.java:299)
at org.testing.JingleBid.CloseBrowser(JingleBid.java:299)
at org.testing.JingleBid.CloseBrowser(JingleBid.java:299)
at org.testing.JingleBid.CloseBrowser(JingleBid.java:299)
at org.testing.JingleBid.CloseBrowser(JingleBid.java:299)
at org.testing.JingleBid.CloseBrowser(JingleBid.java:299)
at org.testing.JingleBid.CloseBrowser(JingleBid.java:299)
at org.testing.JingleBid.CloseBrowser(JingleBid.java:299)
at org.testing.JingleBid.CloseBrowser(JingleBid.java:299)
at org.testing.JingleBid.CloseBrowser(JingleBid.java:299)
at org.testing.JingleBid.CloseBrowser(JingleBid.java:299)
at org.testing.JingleBid.CloseBrowser(JingleBid.java:299)
at org.testing.JingleBid.CloseBrowser(JingleBid.java:299)
at org.testing.JingleBid.CloseBrowser(JingleBid.java:299)
at org.testing.JingleBid.CloseBrowser(JingleBid.java:299)
at org.testing.JingleBid.CloseBrowser(JingleBid.java:299)
at org.testing.JingleBid.CloseBrowser(JingleBid.java:299)
at org.testing.JingleBid.CloseBrowser(JingleBid.java:299)
at org.testing.JingleBid.CloseBrowser(JingleBid.java:299)
at org.testing.JingleBid.CloseBrowser(JingleBid.java:299)
at org.testing.JingleBid.CloseBrowser(JingleBid.java:299)
at org.testing.JingleBid.CloseBrowser(JingleBid.java:299)
at org.testing.JingleBid.CloseBrowser(JingleBid.java:299)
at org.testing.JingleBid.CloseBrowser(JingleBid.java:299)
at org.testing.JingleBid.CloseBrowser(JingleBid.java:299)
at org.testing.JingleBid.CloseBrowser(JingleBid.java:299)
at org.testing.JingleBid.CloseBrowser(JingleBid.java:299)
at org.testing.JingleBid.CloseBrowser(JingleBid.java:299)
at org.testing.JingleBid.CloseBrowser(JingleBid.java:299)
at org.testing.JingleBid.CloseBrowser(JingleBid.java:299)
at org.testing.JingleBid.CloseBrowser(JingleBid.java:299)
at org.testing.JingleBid.CloseBrowser(JingleBid.java:299)
at org.testing.JingleBid.CloseBrowser(JingleBid.java:299)
at org.testing.JingleBid.CloseBrowser(JingleBid.java:299)
at org.testing.JingleBid.CloseBrowser(JingleBid.java:299)
at org.testing.JingleBid.CloseBrowser(JingleBid.java:299)
at org.testing.JingleBid.CloseBrowser(JingleBid.java:299)
at org.testing.JingleBid.CloseBrowser(JingleBid.java:299)
at org.testing.JingleBid.CloseBrowser(JingleBid.java:299)
at org.testing.JingleBid.CloseBrowser(JingleBid.java:299)
at org.testing.JingleBid.CloseBrowser(JingleBid.java:299)
at org.testing.JingleBid.CloseBrowser(JingleBid.java:299)
at org.testing.JingleBid.CloseBrowser(JingleBid.java:299)
at org.testing.JingleBid.CloseBrowser(JingleBid.java:299)
at org.testing.JingleBid.CloseBrowser(JingleBid.java:299)
at org.testing.JingleBid.CloseBrowser(JingleBid.java:299)
at org.testing.JingleBid.CloseBrowser(JingleBid.java:299)
at org.testing.JingleBid.CloseBrowser(JingleBid.java:299)
at org.testing.JingleBid.CloseBrowser(JingleBid.java:299)
at org.testing.JingleBid.CloseBrowser(JingleBid.java:299)
at org.testing.JingleBid.CloseBrowser(JingleBid.java:299)
at org.testing.JingleBid.CloseBrowser(JingleBid.java:299)
at org.testing.JingleBid.CloseBrowser(JingleBid.java:299)
at org.testing.JingleBid.CloseBrowser(JingleBid.java:299)
at org.testing.JingleBid.CloseBrowser(JingleBid.java:299)
at org.testing.JingleBid.CloseBrowser(JingleBid.java:299)
at org.testing.JingleBid.CloseBrowser(JingleBid.java:299)
at org.testing.JingleBid.CloseBrowser(JingleBid.java:299)
at org.testing.JingleBid.CloseBrowser(JingleBid.java:299)
at org.testing.JingleBid.CloseBrowser(JingleBid.java:299)
at org.testing.JingleBid.CloseBrowser(JingleBid.java:299)
at org.testing.JingleBid.CloseBrowser(JingleBid.java:299)
at org.testing.JingleBid.CloseBrowser(JingleBid.java:299)
at org.testing.JingleBid.CloseBrowser(JingleBid.java:299)
at org.testing.JingleBid.CloseBrowser(JingleBid.java:299)
at org.testing.JingleBid.CloseBrowser(JingleBid.java:299)
at org.testing.JingleBid.CloseBrowser(JingleBid.java:299)
at org.testing.JingleBid.CloseBrowser(JingleBid.java:299)
at org.testing.JingleBid.CloseBrowser(JingleBid.java:299)
at org.testing.JingleBid.CloseBrowser(JingleBid.java:299)
at org.testing.JingleBid.CloseBrowser(JingleBid.java:299)
at org.testing.JingleBid.CloseBrowser(JingleBid.java:299)
at org.testing.JingleBid.CloseBrowser(JingleBid.java:299)
at org.testing.JingleBid.CloseBrowser(JingleBid.java:299)
at org.testing.JingleBid.CloseBrowser(JingleBid.java:299)
at org.testing.JingleBid.CloseBrowser(JingleBid.java:299)
at org.testing.JingleBid.CloseBrowser(JingleBid.java:299)
at org.testing.JingleBid.CloseBrowser(JingleBid.java:299)
at org.testing.JingleBid.CloseBrowser(JingleBid.java:299)
at org.testing.JingleBid.CloseBrowser(JingleBid.java:299)
at org.testing.JingleBid.CloseBrowser(JingleBid.java:299)
at org.testing.JingleBid.CloseBrowser(JingleBid.java:299)
at org.testing.JingleBid.CloseBrowser(JingleBid.java:299)
at org.testing.JingleBid.CloseBrowser(JingleBid.java:299)
at org.testing.JingleBid.CloseBrowser(JingleBid.java:299)
at org.testing.JingleBid.CloseBrowser(JingleBid.java:299)
at org.testing.JingleBid.CloseBrowser(JingleBid.java:299)
at org.testing.JingleBid.CloseBrowser(JingleBid.java:299)
at org.testing.JingleBid.CloseBrowser(JingleBid.java:299)
at org.testing.JingleBid.CloseBrowser(JingleBid.java:299)
at org.testing.JingleBid.CloseBrowser(JingleBid.java:299)
at org.testing.JingleBid.CloseBrowser(JingleBid.java:299)
at org.testing.JingleBid.CloseBrowser(JingleBid.java:299)
at org.testing.JingleBid.CloseBrowser(JingleBid.java:299)
at org.testing.JingleBid.CloseBrowser(JingleBid.java:299)
at org.testing.JingleBid.CloseBrowser(JingleBid.java:299)
at org.testing.JingleBid.CloseBrowser(JingleBid.java:299)
at org.testing.JingleBid.CloseBrowser(JingleBid.java:299)
at org.testing.JingleBid.CloseBrowser(JingleBid.java:299)
at org.testing.JingleBid.CloseBrowser(JingleBid.java:299)
at org.testing.JingleBid.CloseBrowser(JingleBid.java:299)
at org.testing.JingleBid.CloseBrowser(JingleBid.java:299)
at org.testing.JingleBid.CloseBrowser(JingleBid.java:299)
at org.testing.JingleBid.CloseBrowser(JingleBid.java:299)
at org.testing.JingleBid.CloseBrowser(JingleBid.java:299)
at org.testing.JingleBid.CloseBrowser(JingleBid.java:299)
at org.testing.JingleBid.CloseBrowser(JingleBid.java:299)
at org.testing.JingleBid.CloseBrowser(JingleBid.java:299)
at org.testing.JingleBid.CloseBrowser(JingleBid.java:299)
at org.testing.JingleBid.CloseBrowser(JingleBid.java:299)
at org.testing.JingleBid.CloseBrowser(JingleBid.java:299)
at org.testing.JingleBid.CloseBrowser(JingleBid.java:299)
at org.testing.JingleBid.CloseBrowser(JingleBid.java:299)
at org.testing.JingleBid.CloseBrowser(JingleBid.java:299)
at org.testing.JingleBid.CloseBrowser(JingleBid.java:299)
at org.testing.JingleBid.CloseBrowser(JingleBid.java:299)
at org.testing.JingleBid.CloseBrowser(JingleBid.java:299)
at org.testing.JingleBid.CloseBrowser(JingleBid.java:299)
at org.testing.JingleBid.CloseBrowser(JingleBid.java:299)
at org.testing.JingleBid.CloseBrowser(JingleBid.java:299)
at org.testing.JingleBid.CloseBrowser(JingleBid.java:299)
at org.testing.JingleBid.CloseBrowser(JingleBid.java:299)
at org.testing.JingleBid.CloseBrowser(JingleBid.java:299)
at org.testing.JingleBid.CloseBrowser(JingleBid.java:299)
at org.testing.JingleBid.CloseBrowser(JingleBid.java:299)
at org.testing.JingleBid.CloseBrowser(JingleBid.java:299)
at org.testing.JingleBid.CloseBrowser(JingleBid.java:299)
at org.testing.JingleBid.CloseBrowser(JingleBid.java:299)
at org.testing.JingleBid.CloseBrowser(JingleBid.java:299)
at org.testing.JingleBid.CloseBrowser(JingleBid.java:299)
at org.testing.JingleBid.CloseBrowser(JingleBid.java:299)
at org.testing.JingleBid.CloseBrowser(JingleBid.java:299)
at org.testing.JingleBid.CloseBrowser(JingleBid.java:299)
at org.testing.JingleBid.CloseBrowser(JingleBid.java:299)
at org.testing.JingleBid.CloseBrowser(JingleBid.java:299)
at org.testing.JingleBid.CloseBrowser(JingleBid.java:299)
at org.testing.JingleBid.CloseBrowser(JingleBid.java:299)
at org.testing.JingleBid.CloseBrowser(JingleBid.java:299)
at org.testing.JingleBid.CloseBrowser(JingleBid.java:299)
at org.testing.JingleBid.CloseBrowser(JingleBid.java:299)
at org.testing.JingleBid.CloseBrowser(JingleBid.java:299)
at org.testing.JingleBid.CloseBrowser(JingleBid.java:299)
at org.testing.JingleBid.CloseBrowser(JingleBid.java:299)
at org.testing.JingleBid.CloseBrowser(JingleBid.java:299)
at org.testing.JingleBid.CloseBrowser(JingleBid.java:299)
at org.testing.JingleBid.CloseBrowser(JingleBid.java:299)
at org.testing.JingleBid.CloseBrowser(JingleBid.java:299)
at org.testing.JingleBid.CloseBrowser(JingleBid.java:299)
at org.testing.JingleBid.CloseBrowser(JingleBid.java:299)
at org.testing.JingleBid.CloseBrowser(JingleBid.java:299)
at org.testing.JingleBid.CloseBrowser(JingleBid.java:299)
at org.testing.JingleBid.CloseBrowser(JingleBid.java:299)
at org.testing.JingleBid.CloseBrowser(JingleBid.java:299)
at org.testing.JingleBid.CloseBrowser(JingleBid.java:299)
at org.testing.JingleBid.CloseBrowser(JingleBid.java:299)
at org.testing.JingleBid.CloseBrowser(JingleBid.java:299)
at org.testing.JingleBid.CloseBrowser(JingleBid.java:299)
at org.testing.JingleBid.CloseBrowser(JingleBid.java:299)
at org.testing.JingleBid.CloseBrowser(JingleBid.java:299)
at org.testing.JingleBid.CloseBrowser(JingleBid.java:299)
at org.testing.JingleBid.CloseBrowser(JingleBid.java:299)
at org.testing.JingleBid.CloseBrowser(JingleBid.java:299)
at org.testing.JingleBid.CloseBrowser(JingleBid.java:299)
at org.testing.JingleBid.CloseBrowser(JingleBid.java:299)
at org.testing.JingleBid.CloseBrowser(JingleBid.java:299)
at org.testing.JingleBid.CloseBrowser(JingleBid.java:299)
at org.testing.JingleBid.CloseBrowser(JingleBid.java:299)
at org.testing.JingleBid.CloseBrowser(JingleBid.java:299)
at org.testing.JingleBid.CloseBrowser(JingleBid.java:299)
at org.testing.JingleBid.CloseBrowser(JingleBid.java:299)
at org.testing.JingleBid.CloseBrowser(JingleBid.java:299)
at org.testing.JingleBid.CloseBrowser(JingleBid.java:299)
at org.testing.JingleBid.CloseBrowser(JingleBid.java:299)
at org.testing.JingleBid.CloseBrowser(JingleBid.java:299)
at org.testing.JingleBid.CloseBrowser(JingleBid.java:299)
at org.testing.JingleBid.CloseBrowser(JingleBid.java:299)
at org.testing.JingleBid.CloseBrowser(JingleBid.java:299)
at org.testing.JingleBid.CloseBrowser(JingleBid.java:299)
at org.testing.JingleBid.CloseBrowser(JingleBid.java:299)
at org.testing.JingleBid.CloseBrowser(JingleBid.java:299)
at org.testing.JingleBid.CloseBrowser(JingleBid.java:299)
at org.testing.JingleBid.CloseBrowser(JingleBid.java:299)
at org.testing.JingleBid.CloseBrowser(JingleBid.java:299)
at org.testing.JingleBid.CloseBrowser(JingleBid.java:299)
at org.testing.JingleBid.CloseBrowser(JingleBid.java:299)
at org.testing.JingleBid.CloseBrowser(JingleBid.java:299)
at org.testing.JingleBid.CloseBrowser(JingleBid.java:299)
at org.testing.JingleBid.CloseBrowser(JingleBid.java:299)
at org.testing.JingleBid.CloseBrowser(JingleBid.java:299)
at org.testing.JingleBid.CloseBrowser(JingleBid.java:299)
at org.testing.JingleBid.CloseBrowser(JingleBid.java:299)
at org.testing.JingleBid.CloseBrowser(JingleBid.java:299)
at org.testing.JingleBid.CloseBrowser(JingleBid.java:299)
at org.testing.JingleBid.CloseBrowser(JingleBid.java:299)
at org.testing.JingleBid.CloseBrowser(JingleBid.java:299)
at org.testing.JingleBid.CloseBrowser(JingleBid.java:299)
at org.testing.JingleBid.CloseBrowser(JingleBid.java:299)
at org.testing.JingleBid.CloseBrowser(JingleBid.java:299)
at org.testing.JingleBid.CloseBrowser(JingleBid.java:299)
at org.testing.JingleBid.CloseBrowser(JingleBid.java:299)
at org.testing.JingleBid.CloseBrowser(JingleBid.java:299)
at org.testing.JingleBid.CloseBrowser(JingleBid.java:299)
at org.testing.JingleBid.CloseBrowser(JingleBid.java:299)
at org.testing.JingleBid.CloseBrowser(JingleBid.java:299)
at org.testing.JingleBid.CloseBrowser(JingleBid.java:299)
at org.testing.JingleBid.CloseBrowser(JingleBid.java:299)
at org.testing.JingleBid.CloseBrowser(JingleBid.java:299)
at org.testing.JingleBid.CloseBrowser(JingleBid.java:299)
at org.testing.JingleBid.CloseBrowser(JingleBid.java:299)
at org.testing.JingleBid.CloseBrowser(JingleBid.java:299)
at org.testing.JingleBid.CloseBrowser(JingleBid.java:299)
at org.testing.JingleBid.CloseBrowser(JingleBid.java:299)
at org.testing.JingleBid.CloseBrowser(JingleBid.java:299)
at org.testing.JingleBid.CloseBrowser(JingleBid.java:299)
at org.testing.JingleBid.CloseBrowser(JingleBid.java:299)
at org.testing.JingleBid.CloseBrowser(JingleBid.java:299)
at org.testing.JingleBid.CloseBrowser(JingleBid.java:299)
at org.testing.JingleBid.CloseBrowser(JingleBid.java:299)
at org.testing.JingleBid.CloseBrowser(JingleBid.java:299)
at org.testing.JingleBid.CloseBrowser(JingleBid.java:299)
at org.testing.JingleBid.CloseBrowser(JingleBid.java:299)
at org.testing.JingleBid.CloseBrowser(JingleBid.java:299)
at org.testing.JingleBid.CloseBrowser(JingleBid.java:299)
at org.testing.JingleBid.CloseBrowser(JingleBid.java:299)
at org.testing.JingleBid.CloseBrowser(JingleBid.java:299)
at org.testing.JingleBid.CloseBrowser(JingleBid.java:299)
at org.testing.JingleBid.CloseBrowser(JingleBid.java:299)
at org.testing.JingleBid.CloseBrowser(JingleBid.java:299)
at org.testing.JingleBid.CloseBrowser(JingleBid.java:299)
at org.testing.JingleBid.CloseBrowser(JingleBid.java:299)
at org.testing.JingleBid.CloseBrowser(JingleBid.java:299)
at org.testing.JingleBid.CloseBrowser(JingleBid.java:299)
at org.testing.JingleBid.CloseBrowser(JingleBid.java:299)
at org.testing.JingleBid.CloseBrowser(JingleBid.java:299)
at org.testing.JingleBid.CloseBrowser(JingleBid.java:299)
at org.testing.JingleBid.CloseBrowser(JingleBid.java:299)
at org.testing.JingleBid.CloseBrowser(JingleBid.java:299)
at org.testing.JingleBid.CloseBrowser(JingleBid.java:299)
at org.testing.JingleBid.CloseBrowser(JingleBid.java:299)
at org.testing.JingleBid.CloseBrowser(JingleBid.java:299)
at org.testing.JingleBid.CloseBrowser(JingleBid.java:299)
at org.testing.JingleBid.CloseBrowser(JingleBid.java:299)
at org.testing.JingleBid.CloseBrowser(JingleBid.java:299)
at org.testing.JingleBid.CloseBrowser(JingleBid.java:299)
at org.testing.JingleBid.CloseBrowser(JingleBid.java:299)
at org.testing.JingleBid.CloseBrowser(JingleBid.java:299)
at org.testing.JingleBid.CloseBrowser(JingleBid.java:299)
at org.testing.JingleBid.CloseBrowser(JingleBid.java:299)
at org.testing.JingleBid.CloseBrowser(JingleBid.java:299)
at org.testing.JingleBid.CloseBrowser(JingleBid.java:299)
at org.testing.JingleBid.CloseBrowser(JingleBid.java:299)
at org.testing.JingleBid.CloseBrowser(JingleBid.java:299)
at org.testing.JingleBid.CloseBrowser(JingleBid.java:299)
at org.testing.JingleBid.CloseBrowser(JingleBid.java:299)
at org.testing.JingleBid.CloseBrowser(JingleBid.java:299)
at org.testing.JingleBid.CloseBrowser(JingleBid.java:299)
at org.testing.JingleBid.CloseBrowser(JingleBid.java:299)
at org.testing.JingleBid.CloseBrowser(JingleBid.java:299)
at org.testing.JingleBid.CloseBrowser(JingleBid.java:299)
at org.testing.JingleBid.CloseBrowser(JingleBid.java:299)
at org.testing.JingleBid.CloseBrowser(JingleBid.java:299)
at org.testing.JingleBid.CloseBrowser(JingleBid.java:299)
at org.testing.JingleBid.CloseBrowser(JingleBid.java:299)
at org.testing.JingleBid.CloseBrowser(JingleBid.java:299)
at org.testing.JingleBid.CloseBrowser(JingleBid.java:299)
at org.testing.JingleBid.CloseBrowser(JingleBid.java:299)
at org.testing.JingleBid.CloseBrowser(JingleBid.java:299)
at org.testing.JingleBid.CloseBrowser(JingleBid.java:299)
at org.testing.JingleBid.CloseBrowser(JingleBid.java:299)
]]>
    </failure>
  </testcase> <!-- @AfterClass CloseBrowser -->
  <testcase name="EnterValidUsernameAndValidPassword" time="2.149" classname="org.testing.JingleBid"/>
  <testcase name="ValidateLogin" time="0.845" classname="org.testing.JingleBid"/>
  <testcase name="searchProduct" time="6.275" classname="org.testing.JingleBid"/>
  <testcase name="addAddress" time="4.298" classname="org.testing.JingleBid"/>
  <testcase name="StartAuction" time="1.041" classname="org.testing.JingleBid"/>
  <testcase name="UpdatePersonalInformation" time="5.16" classname="org.testing.JingleBid"/>
  <testcase name="updateDeliveryLocation" time="4.236" classname="org.testing.JingleBid"/>
  <testcase name="EditAddress" time="1.568" classname="org.testing.JingleBid"/>
  <testcase name="DeleteAddress" time="2.619" classname="org.testing.JingleBid"/>
  <testcase name="ChangePassword" time="4.219" classname="org.testing.JingleBid"/>
  <testcase name="ProductRequest1" time="5.365" classname="org.testing.JingleBid"/>
  <testcase name="CancelAuction" time="7.49" classname="org.testing.JingleBid"/>
</testsuite> <!-- Test -->
