<?xml version="1.0" encoding="UTF-8"?>
<testng-results skipped="0" failed="0" ignored="0" total="2" passed="2">
  <reporter-output>
  </reporter-output>
  <suite name="Default suite" duration-ms="37431" started-at="2022-03-14T07:41:00Z" finished-at="2022-03-14T07:41:38Z">
    <groups>
    </groups>
    <test name="Default test" duration-ms="37431" started-at="2022-03-14T07:41:00Z" finished-at="2022-03-14T07:41:38Z">
      <class name="org.testing.JingleBidLogin">
        <test-method status="PASS" signature="launchBrowser()[pri:0, instance:org.testing.JingleBidLogin@20398b7c]" name="launchBrowser" is-config="true" duration-ms="33318" started-at="2022-03-14T07:41:00Z" finished-at="2022-03-14T07:41:34Z">
          <reporter-output>
          </reporter-output>
        </test-method> <!-- launchBrowser -->
        <test-method status="PASS" signature="startTime()[pri:0, instance:org.testing.JingleBidLogin@20398b7c]" name="startTime" is-config="true" duration-ms="1" started-at="2022-03-14T07:41:34Z" finished-at="2022-03-14T07:41:34Z">
          <reporter-output>
          </reporter-output>
        </test-method> <!-- startTime -->
        <test-method status="PASS" signature="EnterValidUsernameAndValidPassword()[pri:0, instance:org.testing.JingleBidLogin@20398b7c]" name="EnterValidUsernameAndValidPassword" duration-ms="2414" started-at="2022-03-14T07:41:34Z" finished-at="2022-03-14T07:41:36Z">
          <reporter-output>
          </reporter-output>
        </test-method> <!-- EnterValidUsernameAndValidPassword -->
        <test-method status="PASS" signature="endTime()[pri:0, instance:org.testing.JingleBidLogin@20398b7c]" name="endTime" is-config="true" duration-ms="0" started-at="2022-03-14T07:41:36Z" finished-at="2022-03-14T07:41:36Z">
          <reporter-output>
          </reporter-output>
        </test-method> <!-- endTime -->
        <test-method status="PASS" signature="startTime()[pri:0, instance:org.testing.JingleBidLogin@20398b7c]" name="startTime" is-config="true" duration-ms="0" started-at="2022-03-14T07:41:36Z" finished-at="2022-03-14T07:41:36Z">
          <reporter-output>
          </reporter-output>
        </test-method> <!-- startTime -->
        <test-method status="PASS" signature="ValidateLogin()[pri:0, instance:org.testing.JingleBidLogin@20398b7c]" name="ValidateLogin" duration-ms="1683" started-at="2022-03-14T07:41:36Z" finished-at="2022-03-14T07:41:38Z">
          <reporter-output>
          </reporter-output>
        </test-method> <!-- ValidateLogin -->
        <test-method status="PASS" signature="endTime()[pri:0, instance:org.testing.JingleBidLogin@20398b7c]" name="endTime" is-config="true" duration-ms="0" started-at="2022-03-14T07:41:38Z" finished-at="2022-03-14T07:41:38Z">
          <reporter-output>
          </reporter-output>
        </test-method> <!-- endTime -->
      </class> <!-- org.testing.JingleBidLogin -->
    </test> <!-- Default test -->
  </suite> <!-- Default suite -->
</testng-results>
