<?xml version="1.0" encoding="UTF-8"?>
<testng-results skipped="0" failed="0" ignored="3" total="6" passed="3">
  <reporter-output>
  </reporter-output>
  <suite name="Default suite" duration-ms="36421" started-at="2022-03-16T05:55:41Z" finished-at="2022-03-16T05:56:17Z">
    <groups>
    </groups>
    <test name="Default test" duration-ms="36421" started-at="2022-03-16T05:55:41Z" finished-at="2022-03-16T05:56:17Z">
      <class name="org.testing.JingleBidLogin">
        <test-method status="PASS" signature="launchBrowser()[pri:0, instance:org.testing.JingleBidLogin@3632be31]" name="launchBrowser" is-config="true" duration-ms="30424" started-at="2022-03-16T05:55:41Z" finished-at="2022-03-16T05:56:11Z">
          <reporter-output>
          </reporter-output>
        </test-method> <!-- launchBrowser -->
        <test-method status="PASS" signature="startTime()[pri:0, instance:org.testing.JingleBidLogin@3632be31]" name="startTime" is-config="true" duration-ms="1" started-at="2022-03-16T05:56:11Z" finished-at="2022-03-16T05:56:11Z">
          <reporter-output>
          </reporter-output>
        </test-method> <!-- startTime -->
        <test-method status="PASS" signature="EnterValidUsernameAndValidPassword()[pri:0, instance:org.testing.JingleBidLogin@3632be31]" name="EnterValidUsernameAndValidPassword" duration-ms="2337" started-at="2022-03-16T05:56:11Z" finished-at="2022-03-16T05:56:14Z">
          <reporter-output>
          </reporter-output>
        </test-method> <!-- EnterValidUsernameAndValidPassword -->
        <test-method status="PASS" signature="endTime()[pri:0, instance:org.testing.JingleBidLogin@3632be31]" name="endTime" is-config="true" duration-ms="0" started-at="2022-03-16T05:56:14Z" finished-at="2022-03-16T05:56:14Z">
          <reporter-output>
          </reporter-output>
        </test-method> <!-- endTime -->
        <test-method status="PASS" signature="startTime()[pri:0, instance:org.testing.JingleBidLogin@3632be31]" name="startTime" is-config="true" duration-ms="0" started-at="2022-03-16T05:56:14Z" finished-at="2022-03-16T05:56:14Z">
          <reporter-output>
          </reporter-output>
        </test-method> <!-- startTime -->
        <test-method status="PASS" signature="ValidateLogin()[pri:0, instance:org.testing.JingleBidLogin@3632be31]" name="ValidateLogin" duration-ms="636" started-at="2022-03-16T05:56:14Z" finished-at="2022-03-16T05:56:14Z">
          <reporter-output>
          </reporter-output>
        </test-method> <!-- ValidateLogin -->
        <test-method status="PASS" signature="endTime()[pri:0, instance:org.testing.JingleBidLogin@3632be31]" name="endTime" is-config="true" duration-ms="0" started-at="2022-03-16T05:56:14Z" finished-at="2022-03-16T05:56:14Z">
          <reporter-output>
          </reporter-output>
        </test-method> <!-- endTime -->
        <test-method status="PASS" signature="startTime()[pri:0, instance:org.testing.JingleBidLogin@3632be31]" name="startTime" is-config="true" duration-ms="0" started-at="2022-03-16T05:56:14Z" finished-at="2022-03-16T05:56:14Z">
          <reporter-output>
          </reporter-output>
        </test-method> <!-- startTime -->
        <test-method status="PASS" signature="CancelAuction()[pri:4, instance:org.testing.JingleBidLogin@3632be31]" name="CancelAuction" duration-ms="3000" started-at="2022-03-16T05:56:14Z" finished-at="2022-03-16T05:56:17Z">
          <reporter-output>
          </reporter-output>
        </test-method> <!-- CancelAuction -->
        <test-method status="PASS" signature="endTime()[pri:0, instance:org.testing.JingleBidLogin@3632be31]" name="endTime" is-config="true" duration-ms="1" started-at="2022-03-16T05:56:17Z" finished-at="2022-03-16T05:56:17Z">
          <reporter-output>
          </reporter-output>
        </test-method> <!-- endTime -->
      </class> <!-- org.testing.JingleBidLogin -->
    </test> <!-- Default test -->
  </suite> <!-- Default suite -->
</testng-results>
